#
# A fatal error has been detected by the Java Runtime Environment:
#
#  SIGSEGV (0xb) at pc=0x00007fb5d50696ba, pid=978, tid=140418532198144
#
# JRE version: Java(TM) SE Runtime Environment (8.0_66-b17) (build 1.8.0_66-b17)
# Java VM: Java HotSpot(TM) 64-Bit Server VM (25.66-b17 mixed mode linux-amd64 compressed oops)
# Problematic frame:
# v  ~BufferBlob::jni_fast_GetLongField
#
# Failed to write core dump. Core dumps have been disabled. To enable core dumping, try "ulimit -c unlimited" before starting Java again
#
# If you would like to submit a bug report, please visit:
#   http://bugreport.java.com/bugreport/crash.jsp
# The crash happened outside the Java Virtual Machine in native code.
# See problematic frame for where to report the bug.
#

---------------  T H R E A D  ---------------

Current thread (0x00007fb5e4209000):  JavaThread "AWT-XAWT" daemon [_thread_in_native, id=998, stack(0x00007fb5bcab4000,0x00007fb5bcbb5000)]

siginfo: si_signo: 11 (SIGSEGV), si_code: 1 (SEGV_MAPERR), si_addr: 0x0000000000000000

Registers:
RAX=0x00007fb5eb9d1fe0, RBX=0x00007fb5e42091f8, RCX=0x00007fb5ec42f320, RDX=0x0000000000000042
RSP=0x00007fb5bcbb35f8, RBP=0x00007fb5bcbb3620, RSI=0x0000000000000000, RDI=0x00007fb5e42091f8
R8 =0x00000000d7068f58, R9 =0x0000000000000000, R10=0x000000000000002a, R11=0x00007fb5d5359c58
R12=0x00007fb58c127200, R13=0x0000000000000000, R14=0x00007fb5be93e7e0, R15=0x00007fb5e4209000
RIP=0x00007fb5d50696ba, EFLAGS=0x0000000000010246, CSGSFS=0x0000000000000033, ERR=0x0000000000000004
  TRAPNO=0x000000000000000e

Top of Stack: (sp=0x00007fb5bcbb35f8)
0x00007fb5bcbb35f8:   00007fb5be71cef1 00007fb5d4c28bb8
0x00007fb5bcbb3608:   00007fb58c127200 00007fb5bcbb36d0
0x00007fb5bcbb3618:   00007fb5bcbb36a0 0000000000000000
0x00007fb5bcbb3628:   00007fb5be200ae8 00007fb5d4c28bb8
0x00007fb5bcbb3638:   00007fb5bcbb3660 0000000000000000
0x00007fb5bcbb3648:   00007fb5be1f89a3 00007fb5bcbb36d0
0x00007fb5bcbb3658:   00007fb5be71612f 00007fb5bcbb36b0
0x00007fb5bcbb3668:   00007fb5d5359cf6 0000000000000000
0x00007fb5bcbb3678:   00007fb5d5223c36 00007fb5bcbb36d0
0x00007fb5bcbb3688:   00007fb5d51834ac 00007fb5bcbb3730
0x00007fb5bcbb3698:   00000000d73215a8 00000000d7322310
0x00007fb5bcbb36a8:   0000000000000001 00007fb5bcbb3730
0x00007fb5bcbb36b8:   00007fb5d5007420 00007fb5bcbb3730
0x00007fb5bcbb36c8:   00007fb5d5007420 0000000000000000
0x00007fb5bcbb36d8:   00007fb5d5007760 00007fb594000e30
0x00007fb5bcbb36e8:   00000000d73b8900 00007fb5bcbb36f0
0x00007fb5bcbb36f8:   00007fb5d4bc9a2c 00007fb5bcbb3778
0x00007fb5bcbb3708:   00007fb5d4be16e0 0000000000000000
0x00007fb5bcbb3718:   00007fb5d4bc9b68 00007fb5bcbb36d0
0x00007fb5bcbb3728:   00007fb5bcbb3770 00007fb5bcbb37c0
0x00007fb5bcbb3738:   00007fb5d5007c4d 0000000000000000
0x00007fb5bcbb3748:   00000000d75fac80 0000000000000000
0x00007fb5bcbb3758:   0000000000000000 0000000000000000
0x00007fb5bcbb3768:   00000000d73b8900 0000000000000000
0x00007fb5bcbb3778:   00000000d73584e0 00007fb5bcbb3780
0x00007fb5bcbb3788:   00007fb5d4bc986d 00007fb5bcbb37d0
0x00007fb5bcbb3798:   00007fb5d4be16e0 0000000000000000
0x00007fb5bcbb37a8:   00007fb5d4bc9878 00007fb5bcbb3770
0x00007fb5bcbb37b8:   00007fb5bcbb37d0 00007fb5bcbb3818
0x00007fb5bcbb37c8:   00007fb5d5007c92 00000000d73584e0
0x00007fb5bcbb37d8:   00007fb5bcbb37d8 00007fb5d482d9cb
0x00007fb5bcbb37e8:   00007fb5bcbb3828 00007fb5d48b4480 

Instructions: (pc=0x00007fb5d50696ba)
0x00007fb5d506969a:   00 00 00 00 00 00 44 8b 15 c1 2e 9a 16 4c 8b ce
0x00007fb5d50696aa:   41 f6 c2 01 0f 85 2e 00 00 00 4d 33 ca 4d 33 ca
0x00007fb5d50696ba:   4d 8b 09 4c 8b da 49 c1 eb 02 4b 8b 04 19 49 bb
0x00007fb5d50696ca:   68 c5 a0 eb b5 7f 00 00 4c 33 d8 4c 33 d8 45 3b 

Register to memory mapping:

RAX=0x00007fb5eb9d1fe0: <offset 0xf74fe0> in /usr/lib/jvm/java-8-oracle/jre/lib/amd64/server/libjvm.so at 0x00007fb5eaa5d000
RBX=0x00007fb5e42091f8 is an unknown value
RCX=0x00007fb5ec42f320: <offset 0x219320> in /lib/x86_64-linux-gnu/libpthread.so.0 at 0x00007fb5ec216000
RDX=0x0000000000000042 is an unknown value
RSP=0x00007fb5bcbb35f8 is pointing into the stack for thread: 0x00007fb5e4209000
RBP=0x00007fb5bcbb3620 is pointing into the stack for thread: 0x00007fb5e4209000
RSI=0x0000000000000000 is an unknown value
RDI=0x00007fb5e42091f8 is an unknown value
R8 =0x00000000d7068f58 is an oop
sun.util.logging.PlatformLogger$Level 
 - klass: 'sun/util/logging/PlatformLogger$Level'
R9 =0x0000000000000000 is an unknown value
R10=0x000000000000002a is an unknown value
R11=0x00007fb5d5359c58 is at entry_point+24 in (nmethod*)0x00007fb5d5359ad0
R12=0x00007fb58c127200 is an unknown value
R13=0x0000000000000000 is an unknown value
R14=0x00007fb5be93e7e0: <offset 0x2587e0> in /usr/lib/jvm/java-8-oracle/jre/lib/amd64/libawt_xawt.so at 0x00007fb5be6e6000
R15=0x00007fb5e4209000 is a thread


Stack: [0x00007fb5bcab4000,0x00007fb5bcbb5000],  sp=0x00007fb5bcbb35f8,  free space=1021k
Native frames: (J=compiled Java code, j=interpreted, Vv=VM code, C=native code)
v  ~BufferBlob::jni_fast_GetLongField
C  [libX11.so.6+0x61ae8]  _XimServerDestroy+0x58

Java frames: (J=compiled Java code, j=interpreted, Vv=VM code)
J 880  sun.awt.X11.XlibWrapper.XFilterEvent(JJ)Z (0 bytes) @ 0x00007fb5d5359c84 [0x00007fb5d5359c40+0x44]
j  sun.awt.X11.XToolkit.run(Z)V+300
j  sun.awt.X11.XToolkit.run()V+5
j  java.lang.Thread.run()V+11
v  ~StubRoutines::call_stub

---------------  P R O C E S S  ---------------

Java Threads: ( => current thread )
  0x00007fb58c149800 JavaThread "TimerQueue" daemon [_thread_blocked, id=1009, stack(0x00007fb587cff000,0x00007fb587e00000)]
  0x00007fb5e4009800 JavaThread "DestroyJavaVM" [_thread_blocked, id=983, stack(0x00007fb5ec536000,0x00007fb5ec637000)]
  0x00007fb5e420f000 JavaThread "AWT-EventQueue-0" [_thread_blocked, id=1000, stack(0x00007fb5bc8b2000,0x00007fb5bc9b3000)]
  0x00007fb5e420d800 JavaThread "AWT-Shutdown" [_thread_blocked, id=999, stack(0x00007fb5bc9b3000,0x00007fb5bcab4000)]
=>0x00007fb5e4209000 JavaThread "AWT-XAWT" daemon [_thread_in_native, id=998, stack(0x00007fb5bcab4000,0x00007fb5bcbb5000)]
  0x00007fb5e41e8000 JavaThread "Java2D Disposer" daemon [_thread_blocked, id=997, stack(0x00007fb5bcfc5000,0x00007fb5bd0c6000)]
  0x00007fb5e40ca800 JavaThread "Service Thread" daemon [_thread_blocked, id=995, stack(0x00007fb5bed12000,0x00007fb5bee13000)]
  0x00007fb5e40bd000 JavaThread "C1 CompilerThread2" daemon [_thread_blocked, id=994, stack(0x00007fb5bee13000,0x00007fb5bef14000)]
  0x00007fb5e40bb800 JavaThread "C2 CompilerThread1" daemon [_thread_blocked, id=993, stack(0x00007fb5bef14000,0x00007fb5bf015000)]
  0x00007fb5e40b8800 JavaThread "C2 CompilerThread0" daemon [_thread_blocked, id=992, stack(0x00007fb5bf015000,0x00007fb5bf116000)]
  0x00007fb5e40b7000 JavaThread "Signal Dispatcher" daemon [_thread_blocked, id=991, stack(0x00007fb5bf116000,0x00007fb5bf217000)]
  0x00007fb5e407f000 JavaThread "Finalizer" daemon [_thread_blocked, id=990, stack(0x00007fb5bf8f9000,0x00007fb5bf9fa000)]
  0x00007fb5e407c800 JavaThread "Reference Handler" daemon [_thread_blocked, id=989, stack(0x00007fb5bf9fa000,0x00007fb5bfafb000)]

Other Threads:
  0x00007fb5e4077800 VMThread [stack: 0x00007fb5bfafb000,0x00007fb5bfbfc000] [id=988]
  0x00007fb5e40cd000 WatcherThread [stack: 0x00007fb5bec11000,0x00007fb5bed12000] [id=996]

VM state:not at safepoint (normal execution)

VM Mutex/Monitor currently owned by a thread: None

Heap:
 PSYoungGen      total 36864K, used 20322K [0x00000000d7000000, 0x00000000d9900000, 0x0000000100000000)
  eden space 31744K, 64% used [0x00000000d7000000,0x00000000d83d8918,0x00000000d8f00000)
  from space 5120K, 0% used [0x00000000d9400000,0x00000000d9400000,0x00000000d9900000)
  to   space 5120K, 0% used [0x00000000d8f00000,0x00000000d8f00000,0x00000000d9400000)
 ParOldGen       total 84992K, used 0K [0x0000000085000000, 0x000000008a300000, 0x00000000d7000000)
  object space 84992K, 0% used [0x0000000085000000,0x0000000085000000,0x000000008a300000)
 Metaspace       used 12892K, capacity 13066K, committed 13184K, reserved 1060864K
  class space    used 1533K, capacity 1605K, committed 1664K, reserved 1048576K

Card table byte_map: [0x00007fb5e8f24000,0x00007fb5e92fd000] byte_map_base: 0x00007fb5e8afc000

Marking Bits: (ParMarkBitMap*) 0x00007fb5eba0c020
 Begin Bits: [0x00007fb5cc280000, 0x00007fb5ce140000)
 End Bits:   [0x00007fb5ce140000, 0x00007fb5d0000000)

Polling page: 0x00007fb5ec653000

CodeCache: size=245760Kb used=3579Kb max_used=3586Kb free=242180Kb
 bounds [0x00007fb5d5000000, 0x00007fb5d5390000, 0x00007fb5e4000000]
 total_blobs=1488 nmethods=937 adapters=465
 compilation: enabled

Compilation events (10 events):
Event: 65.768 Thread 0x00007fb5e40bd000  931       3       javax.swing.Spring$CompoundSpring::clear (39 bytes)
Event: 65.768 Thread 0x00007fb5e40bd000 nmethod 931 0x00007fb5d537f1d0 code [0x00007fb5d537f360, 0x00007fb5d537f6b8]
Event: 65.768 Thread 0x00007fb5e40bd000  933       1       javax.swing.JLabel::getText (5 bytes)
Event: 65.768 Thread 0x00007fb5e40bd000 nmethod 933 0x00007fb5d537ef10 code [0x00007fb5d537f060, 0x00007fb5d537f170]
Event: 65.768 Thread 0x00007fb5e40bd000  935       1       javax.swing.JLabel::getIcon (5 bytes)
Event: 65.768 Thread 0x00007fb5e40bd000 nmethod 935 0x00007fb5d537ec50 code [0x00007fb5d537eda0, 0x00007fb5d537eeb0]
Event: 66.087 Thread 0x00007fb5e40bd000  936       1       sun.awt.X11.XPropertyCache::isCachingSupported (2 bytes)
Event: 66.087 Thread 0x00007fb5e40bd000 nmethod 936 0x00007fb5d537e9d0 code [0x00007fb5d537eb20, 0x00007fb5d537ec10]
Event: 86.826 Thread 0x00007fb5e40bd000  937       1       java.awt.event.MouseEvent::isPopupTrigger (5 bytes)
Event: 86.826 Thread 0x00007fb5e40bd000 nmethod 937 0x00007fb5d537e710 code [0x00007fb5d537e860, 0x00007fb5d537e970]

GC Heap History (0 events):
No events

Deoptimization events (5 events):
Event: 0.179 Thread 0x00007fb5e420f000 Uncommon trap: reason=null_check action=make_not_entrant pc=0x00007fb5d515f984 method=java.lang.String.equals(Ljava/lang/Object;)Z @ 8
Event: 0.307 Thread 0x00007fb5e420f000 Uncommon trap: reason=class_check action=maybe_recompile pc=0x00007fb5d518ecf0 method=java.lang.String.equals(Ljava/lang/Object;)Z @ 8
Event: 44.381 Thread 0x00007fb5e420f000 Uncommon trap: reason=class_check action=maybe_recompile pc=0x00007fb5d518ecf0 method=java.lang.String.equals(Ljava/lang/Object;)Z @ 8
Event: 44.382 Thread 0x00007fb5e420f000 Uncommon trap: reason=class_check action=maybe_recompile pc=0x00007fb5d518ecf0 method=java.lang.String.equals(Ljava/lang/Object;)Z @ 8
Event: 44.382 Thread 0x00007fb5e420f000 Uncommon trap: reason=class_check action=maybe_recompile pc=0x00007fb5d518ecf0 method=java.lang.String.equals(Ljava/lang/Object;)Z @ 8

Internal exceptions (10 events):
Event: 0.067 Thread 0x00007fb5e4009800 Exception <a 'java/security/PrivilegedActionException'> (0x00000000d707e018) thrown at [/HUDSON/workspace/8-2-build-linux-amd64/jdk8u66/4988/hotspot/src/share/vm/prims/jvm.cpp, line 1386]
Event: 0.067 Thread 0x00007fb5e4009800 Exception <a 'java/security/PrivilegedActionException'> (0x00000000d707e228) thrown at [/HUDSON/workspace/8-2-build-linux-amd64/jdk8u66/4988/hotspot/src/share/vm/prims/jvm.cpp, line 1386]
Event: 0.067 Thread 0x00007fb5e4009800 Exception <a 'java/security/PrivilegedActionException'> (0x00000000d7080668) thrown at [/HUDSON/workspace/8-2-build-linux-amd64/jdk8u66/4988/hotspot/src/share/vm/prims/jvm.cpp, line 1386]
Event: 0.067 Thread 0x00007fb5e4009800 Exception <a 'java/security/PrivilegedActionException'> (0x00000000d7080878) thrown at [/HUDSON/workspace/8-2-build-linux-amd64/jdk8u66/4988/hotspot/src/share/vm/prims/jvm.cpp, line 1386]
Event: 0.106 Thread 0x00007fb5e4009800 Exception <a 'java/lang/NoSuchFieldError': method resolution failed> (0x00000000d728b128) thrown at [/HUDSON/workspace/8-2-build-linux-amd64/jdk8u66/4988/hotspot/src/share/vm/prims/methodHandles.cpp, line 1146]
Event: 0.108 Thread 0x00007fb5e4009800 Exception <a 'java/lang/NoSuchFieldError': method resolution failed> (0x00000000d72988f8) thrown at [/HUDSON/workspace/8-2-build-linux-amd64/jdk8u66/4988/hotspot/src/share/vm/prims/methodHandles.cpp, line 1146]
Event: 0.131 Thread 0x00007fb5e4009800 Exception <a 'java/io/FileNotFoundException'> (0x00000000d7317b78) thrown at [/HUDSON/workspace/8-2-build-linux-amd64/jdk8u66/4988/hotspot/src/share/vm/prims/jni.cpp, line 709]
Event: 0.131 Thread 0x00007fb5e4009800 Exception <a 'java/io/FileNotFoundException'> (0x00000000d7318528) thrown at [/HUDSON/workspace/8-2-build-linux-amd64/jdk8u66/4988/hotspot/src/share/vm/prims/jni.cpp, line 709]
Event: 0.179 Thread 0x00007fb5e420f000 Implicit null exception at 0x00007fb5d515f7a2 to 0x00007fb5d515f975
Event: 44.450 Thread 0x00007fb5e420f000 Exception <a 'java/lang/UnsupportedOperationException': > (0x00000000d77dd168) thrown at [/HUDSON/workspace/8-2-build-linux-amd64/jdk8u66/4988/hotspot/src/share/vm/prims/jni.cpp, line 735]

Events (10 events):
Event: 44.451 loading class java/text/AttributedCharacterIterator done
Event: 44.451 loading class java/text/AttributedString$AttributedStringIterator done
Event: 44.451 loading class javax/swing/event/MenuDragMouseEvent
Event: 44.451 loading class javax/swing/event/MenuDragMouseEvent done
Event: 44.939 loading class javax/swing/plaf/basic/BasicPopupMenuUI$MouseGrabber$2
Event: 44.939 loading class javax/swing/plaf/basic/BasicPopupMenuUI$MouseGrabber$2 done
Event: 44.942 loading class sun/awt/im/CompositionArea
Event: 44.942 loading class sun/awt/im/CompositionArea done
Event: 86.852 loading class sun/awt/X11/XDestroyWindowEvent
Event: 86.853 loading class sun/awt/X11/XDestroyWindowEvent done


Dynamic libraries:
00400000-00401000 r-xp 00000000 08:07 5647937                            /usr/lib/jvm/java-8-oracle/bin/java
00600000-00601000 rw-p 00000000 08:07 5647937                            /usr/lib/jvm/java-8-oracle/bin/java
0120b000-0122c000 rw-p 00000000 00:00 0                                  [heap]
85000000-8a300000 rw-p 00000000 00:00 0 
8a300000-d7000000 ---p 00000000 00:00 0 
d7000000-d9900000 rw-p 00000000 00:00 0 
d9900000-100000000 ---p 00000000 00:00 0 
100000000-1001a0000 rw-p 00000000 00:00 0 
1001a0000-140000000 ---p 00000000 00:00 0 
7fb580000000-7fb580021000 rw-p 00000000 00:00 0 
7fb580021000-7fb584000000 ---p 00000000 00:00 0 
7fb587cff000-7fb587d02000 ---p 00000000 00:00 0 
7fb587d02000-7fb587f40000 rw-p 00000000 00:00 0                          [stack:1009]
7fb587f40000-7fb588000000 ---p 00000000 00:00 0 
7fb588000000-7fb588021000 rw-p 00000000 00:00 0 
7fb588021000-7fb58c000000 ---p 00000000 00:00 0 
7fb58c000000-7fb58c3b6000 rw-p 00000000 00:00 0 
7fb58c3b6000-7fb590000000 ---p 00000000 00:00 0 
7fb590000000-7fb590021000 rw-p 00000000 00:00 0 
7fb590021000-7fb594000000 ---p 00000000 00:00 0 
7fb594000000-7fb59402a000 rw-p 00000000 00:00 0 
7fb59402a000-7fb598000000 ---p 00000000 00:00 0 
7fb598000000-7fb598021000 rw-p 00000000 00:00 0 
7fb598021000-7fb59c000000 ---p 00000000 00:00 0 
7fb59c000000-7fb59c021000 rw-p 00000000 00:00 0 
7fb59c021000-7fb5a0000000 ---p 00000000 00:00 0 
7fb5a0000000-7fb5a0084000 rw-p 00000000 00:00 0 
7fb5a0084000-7fb5a4000000 ---p 00000000 00:00 0 
7fb5a4000000-7fb5a4742000 rw-p 00000000 00:00 0 
7fb5a4742000-7fb5a8000000 ---p 00000000 00:00 0 
7fb5a8000000-7fb5a8021000 rw-p 00000000 00:00 0 
7fb5a8021000-7fb5ac000000 ---p 00000000 00:00 0 
7fb5ac000000-7fb5ac1ea000 rw-p 00000000 00:00 0 
7fb5ac1ea000-7fb5b0000000 ---p 00000000 00:00 0 
7fb5b0000000-7fb5b0021000 rw-p 00000000 00:00 0 
7fb5b0021000-7fb5b4000000 ---p 00000000 00:00 0 
7fb5b4000000-7fb5b4021000 rw-p 00000000 00:00 0 
7fb5b4021000-7fb5b8000000 ---p 00000000 00:00 0 
7fb5b8000000-7fb5b8021000 rw-p 00000000 00:00 0 
7fb5b8021000-7fb5bc000000 ---p 00000000 00:00 0 
7fb5bc00a000-7fb5bc073000 r-xp 00000000 08:07 5638286                    /usr/lib/jvm/java-8-oracle/jre/lib/amd64/libt2k.so
7fb5bc073000-7fb5bc273000 ---p 00069000 08:07 5638286                    /usr/lib/jvm/java-8-oracle/jre/lib/amd64/libt2k.so
7fb5bc273000-7fb5bc27a000 rw-p 00069000 08:07 5638286                    /usr/lib/jvm/java-8-oracle/jre/lib/amd64/libt2k.so
7fb5bc27a000-7fb5bc28a000 rw-p 00000000 00:00 0 
7fb5bc28a000-7fb5bc29b000 r-xp 00000000 08:07 5638317                    /usr/lib/jvm/java-8-oracle/jre/lib/amd64/libnio.so
7fb5bc29b000-7fb5bc49a000 ---p 00011000 08:07 5638317                    /usr/lib/jvm/java-8-oracle/jre/lib/amd64/libnio.so
7fb5bc49a000-7fb5bc49b000 rw-p 00010000 08:07 5638317                    /usr/lib/jvm/java-8-oracle/jre/lib/amd64/libnio.so
7fb5bc49b000-7fb5bc4b1000 r-xp 00000000 08:07 5638330                    /usr/lib/jvm/java-8-oracle/jre/lib/amd64/libnet.so
7fb5bc4b1000-7fb5bc6b1000 ---p 00016000 08:07 5638330                    /usr/lib/jvm/java-8-oracle/jre/lib/amd64/libnet.so
7fb5bc6b1000-7fb5bc6b2000 rw-p 00016000 08:07 5638330                    /usr/lib/jvm/java-8-oracle/jre/lib/amd64/libnet.so
7fb5bc6b2000-7fb5bc8b2000 rw-p 00000000 00:00 0 
7fb5bc8b2000-7fb5bc8b5000 ---p 00000000 00:00 0 
7fb5bc8b5000-7fb5bc9b3000 rw-p 00000000 00:00 0                          [stack:1000]
7fb5bc9b3000-7fb5bc9b6000 ---p 00000000 00:00 0 
7fb5bc9b6000-7fb5bcab4000 rw-p 00000000 00:00 0                          [stack:999]
7fb5bcab4000-7fb5bcab7000 ---p 00000000 00:00 0 
7fb5bcab7000-7fb5bcbb5000 rw-p 00000000 00:00 0                          [stack:998]
7fb5bcbb5000-7fb5bcbba000 r-xp 00000000 08:07 5644383                    /usr/lib/x86_64-linux-gnu/libXfixes.so.3.1.0
7fb5bcbba000-7fb5bcdb9000 ---p 00005000 08:07 5644383                    /usr/lib/x86_64-linux-gnu/libXfixes.so.3.1.0
7fb5bcdb9000-7fb5bcdba000 r--p 00004000 08:07 5644383                    /usr/lib/x86_64-linux-gnu/libXfixes.so.3.1.0
7fb5bcdba000-7fb5bcdbb000 rw-p 00005000 08:07 5644383                    /usr/lib/x86_64-linux-gnu/libXfixes.so.3.1.0
7fb5bcdbb000-7fb5bcdc4000 r-xp 00000000 08:07 5644375                    /usr/lib/x86_64-linux-gnu/libXcursor.so.1.0.2
7fb5bcdc4000-7fb5bcfc3000 ---p 00009000 08:07 5644375                    /usr/lib/x86_64-linux-gnu/libXcursor.so.1.0.2
7fb5bcfc3000-7fb5bcfc4000 r--p 00008000 08:07 5644375                    /usr/lib/x86_64-linux-gnu/libXcursor.so.1.0.2
7fb5bcfc4000-7fb5bcfc5000 rw-p 00009000 08:07 5644375                    /usr/lib/x86_64-linux-gnu/libXcursor.so.1.0.2
7fb5bcfc5000-7fb5bcfc8000 ---p 00000000 00:00 0 
7fb5bcfc8000-7fb5bd0c6000 rw-p 00000000 00:00 0                          [stack:997]
7fb5bd0c6000-7fb5bd0dc000 r-xp 00000000 08:07 2101435                    /lib/x86_64-linux-gnu/libgcc_s.so.1
7fb5bd0dc000-7fb5bd2db000 ---p 00016000 08:07 2101435                    /lib/x86_64-linux-gnu/libgcc_s.so.1
7fb5bd2db000-7fb5bd2dc000 rw-p 00015000 08:07 2101435                    /lib/x86_64-linux-gnu/libgcc_s.so.1
7fb5bd2dc000-7fb5bd341000 r-xp 00000000 08:07 5638296                    /usr/lib/jvm/java-8-oracle/jre/lib/amd64/libfontmanager.so
7fb5bd341000-7fb5bd541000 ---p 00065000 08:07 5638296                    /usr/lib/jvm/java-8-oracle/jre/lib/amd64/libfontmanager.so
7fb5bd541000-7fb5bd545000 rw-p 00065000 08:07 5638296                    /usr/lib/jvm/java-8-oracle/jre/lib/amd64/libfontmanager.so
7fb5bd545000-7fb5bd556000 rw-p 00000000 00:00 0 
7fb5bd556000-7fb5bd55b000 r-xp 00000000 08:07 5644379                    /usr/lib/x86_64-linux-gnu/libXdmcp.so.6.0.0
7fb5bd55b000-7fb5bd75a000 ---p 00005000 08:07 5644379                    /usr/lib/x86_64-linux-gnu/libXdmcp.so.6.0.0
7fb5bd75a000-7fb5bd75b000 r--p 00004000 08:07 5644379                    /usr/lib/x86_64-linux-gnu/libXdmcp.so.6.0.0
7fb5bd75b000-7fb5bd75c000 rw-p 00005000 08:07 5644379                    /usr/lib/x86_64-linux-gnu/libXdmcp.so.6.0.0
7fb5bd75c000-7fb5bd75e000 r-xp 00000000 08:07 5644368                    /usr/lib/x86_64-linux-gnu/libXau.so.6.0.0
7fb5bd75e000-7fb5bd95e000 ---p 00002000 08:07 5644368                    /usr/lib/x86_64-linux-gnu/libXau.so.6.0.0
7fb5bd95e000-7fb5bd95f000 r--p 00002000 08:07 5644368                    /usr/lib/x86_64-linux-gnu/libXau.so.6.0.0
7fb5bd95f000-7fb5bd960000 rw-p 00003000 08:07 5644368                    /usr/lib/x86_64-linux-gnu/libXau.so.6.0.0
7fb5bd960000-7fb5bd97d000 r-xp 00000000 08:07 5645434                    /usr/lib/x86_64-linux-gnu/libxcb.so.1.1.0
7fb5bd97d000-7fb5bdb7d000 ---p 0001d000 08:07 5645434                    /usr/lib/x86_64-linux-gnu/libxcb.so.1.1.0
7fb5bdb7d000-7fb5bdb7e000 r--p 0001d000 08:07 5645434                    /usr/lib/x86_64-linux-gnu/libxcb.so.1.1.0
7fb5bdb7e000-7fb5bdb7f000 rw-p 0001e000 08:07 5645434                    /usr/lib/x86_64-linux-gnu/libxcb.so.1.1.0
7fb5bdb7f000-7fb5bdb8e000 r-xp 00000000 08:07 5644389                    /usr/lib/x86_64-linux-gnu/libXi.so.6.1.0
7fb5bdb8e000-7fb5bdd8d000 ---p 0000f000 08:07 5644389                    /usr/lib/x86_64-linux-gnu/libXi.so.6.1.0
7fb5bdd8d000-7fb5bdd8e000 r--p 0000e000 08:07 5644389                    /usr/lib/x86_64-linux-gnu/libXi.so.6.1.0
7fb5bdd8e000-7fb5bdd8f000 rw-p 0000f000 08:07 5644389                    /usr/lib/x86_64-linux-gnu/libXi.so.6.1.0
7fb5bdd8f000-7fb5bdd94000 r-xp 00000000 08:07 5644409                    /usr/lib/x86_64-linux-gnu/libXtst.so.6.1.0
7fb5bdd94000-7fb5bdf93000 ---p 00005000 08:07 5644409                    /usr/lib/x86_64-linux-gnu/libXtst.so.6.1.0
7fb5bdf93000-7fb5bdf94000 r--p 00004000 08:07 5644409                    /usr/lib/x86_64-linux-gnu/libXtst.so.6.1.0
7fb5bdf94000-7fb5bdf95000 rw-p 00005000 08:07 5644409                    /usr/lib/x86_64-linux-gnu/libXtst.so.6.1.0
7fb5bdf95000-7fb5bdf9e000 r-xp 00000000 08:07 5644403                    /usr/lib/x86_64-linux-gnu/libXrender.so.1.3.0
7fb5bdf9e000-7fb5be19d000 ---p 00009000 08:07 5644403                    /usr/lib/x86_64-linux-gnu/libXrender.so.1.3.0
7fb5be19d000-7fb5be19e000 r--p 00008000 08:07 5644403                    /usr/lib/x86_64-linux-gnu/libXrender.so.1.3.0
7fb5be19e000-7fb5be19f000 rw-p 00009000 08:07 5644403                    /usr/lib/x86_64-linux-gnu/libXrender.so.1.3.0
7fb5be19f000-7fb5be2cf000 r-xp 00000000 08:07 5644364                    /usr/lib/x86_64-linux-gnu/libX11.so.6.3.0
7fb5be2cf000-7fb5be4cf000 ---p 00130000 08:07 5644364                    /usr/lib/x86_64-linux-gnu/libX11.so.6.3.0
7fb5be4cf000-7fb5be4d0000 r--p 00130000 08:07 5644364                    /usr/lib/x86_64-linux-gnu/libX11.so.6.3.0
7fb5be4d0000-7fb5be4d4000 rw-p 00131000 08:07 5644364                    /usr/lib/x86_64-linux-gnu/libX11.so.6.3.0
7fb5be4d4000-7fb5be4e5000 r-xp 00000000 08:07 5644381                    /usr/lib/x86_64-linux-gnu/libXext.so.6.4.0
7fb5be4e5000-7fb5be6e4000 ---p 00011000 08:07 5644381                    /usr/lib/x86_64-linux-gnu/libXext.so.6.4.0
7fb5be6e4000-7fb5be6e5000 r--p 00010000 08:07 5644381                    /usr/lib/x86_64-linux-gnu/libXext.so.6.4.0
7fb5be6e5000-7fb5be6e6000 rw-p 00011000 08:07 5644381                    /usr/lib/x86_64-linux-gnu/libXext.so.6.4.0
7fb5be6e6000-7fb5be73a000 r-xp 00000000 08:07 5638295                    /usr/lib/jvm/java-8-oracle/jre/lib/amd64/libawt_xawt.so
7fb5be73a000-7fb5be93a000 ---p 00054000 08:07 5638295                    /usr/lib/jvm/java-8-oracle/jre/lib/amd64/libawt_xawt.so
7fb5be93a000-7fb5be93e000 rw-p 00054000 08:07 5638295                    /usr/lib/jvm/java-8-oracle/jre/lib/amd64/libawt_xawt.so
7fb5be93e000-7fb5be93f000 rw-p 00000000 00:00 0 
7fb5be93f000-7fb5be9e1000 r-xp 00000000 08:07 5638335                    /usr/lib/jvm/java-8-oracle/jre/lib/amd64/libawt.so
7fb5be9e1000-7fb5bebe1000 ---p 000a2000 08:07 5638335                    /usr/lib/jvm/java-8-oracle/jre/lib/amd64/libawt.so
7fb5bebe1000-7fb5bebed000 rw-p 000a2000 08:07 5638335                    /usr/lib/jvm/java-8-oracle/jre/lib/amd64/libawt.so
7fb5bebed000-7fb5bec11000 rw-p 00000000 00:00 0 
7fb5bec11000-7fb5bec12000 ---p 00000000 00:00 0 
7fb5bec12000-7fb5bed12000 rw-p 00000000 00:00 0                          [stack:996]
7fb5bed12000-7fb5bed15000 ---p 00000000 00:00 0 
7fb5bed15000-7fb5bee13000 rw-p 00000000 00:00 0                          [stack:995]
7fb5bee13000-7fb5bee16000 ---p 00000000 00:00 0 
7fb5bee16000-7fb5bef14000 rw-p 00000000 00:00 0                          [stack:994]
7fb5bef14000-7fb5bef17000 ---p 00000000 00:00 0 
7fb5bef17000-7fb5bf015000 rw-p 00000000 00:00 0                          [stack:993]
7fb5bf015000-7fb5bf018000 ---p 00000000 00:00 0 
7fb5bf018000-7fb5bf116000 rw-p 00000000 00:00 0                          [stack:992]
7fb5bf116000-7fb5bf119000 ---p 00000000 00:00 0 
7fb5bf119000-7fb5bf217000 rw-p 00000000 00:00 0                          [stack:991]
7fb5bf217000-7fb5bf8f9000 r--p 00000000 08:07 5643285                    /usr/lib/locale/locale-archive
7fb5bf8f9000-7fb5bf8fc000 ---p 00000000 00:00 0 
7fb5bf8fc000-7fb5bf9fa000 rw-p 00000000 00:00 0                          [stack:990]
7fb5bf9fa000-7fb5bf9fd000 ---p 00000000 00:00 0 
7fb5bf9fd000-7fb5bfafb000 rw-p 00000000 00:00 0                          [stack:989]
7fb5bfafb000-7fb5bfafc000 ---p 00000000 00:00 0 
7fb5bfafc000-7fb5c0000000 rw-p 00000000 00:00 0                          [stack:988]
7fb5c0000000-7fb5c0021000 rw-p 00000000 00:00 0 
7fb5c0021000-7fb5c4000000 ---p 00000000 00:00 0 
7fb5c4000000-7fb5c4021000 rw-p 00000000 00:00 0 
7fb5c4021000-7fb5c8000000 ---p 00000000 00:00 0 
7fb5c8000000-7fb5c8021000 rw-p 00000000 00:00 0 
7fb5c8021000-7fb5cc000000 ---p 00000000 00:00 0 
7fb5cc07e000-7fb5d0000000 rw-p 00000000 00:00 0 
7fb5d0000000-7fb5d0021000 rw-p 00000000 00:00 0 
7fb5d0021000-7fb5d4000000 ---p 00000000 00:00 0 
7fb5d4075000-7fb5d5000000 rw-p 00000000 00:00 0 
7fb5d5000000-7fb5d5390000 rwxp 00000000 00:00 0 
7fb5d5390000-7fb5e4000000 ---p 00000000 00:00 0 
7fb5e4000000-7fb5e4211000 rw-p 00000000 00:00 0 
7fb5e4211000-7fb5e8000000 ---p 00000000 00:00 0 
7fb5e8018000-7fb5e8269000 rw-p 00000000 00:00 0 
7fb5e8269000-7fb5e8442000 r--s 03d20000 08:07 5638429                    /usr/lib/jvm/java-8-oracle/jre/lib/rt.jar
7fb5e8442000-7fb5e8890000 rw-p 00000000 00:00 0 
7fb5e8890000-7fb5e8891000 ---p 00000000 00:00 0 
7fb5e8891000-7fb5e8991000 rw-p 00000000 00:00 0                          [stack:987]
7fb5e8991000-7fb5e8992000 ---p 00000000 00:00 0 
7fb5e8992000-7fb5e8a92000 rw-p 00000000 00:00 0                          [stack:986]
7fb5e8a92000-7fb5e8a93000 ---p 00000000 00:00 0 
7fb5e8a93000-7fb5e8b93000 rw-p 00000000 00:00 0                          [stack:985]
7fb5e8b93000-7fb5e8b94000 ---p 00000000 00:00 0 
7fb5e8b94000-7fb5e8cbe000 rw-p 00000000 00:00 0                          [stack:984]
7fb5e8cbe000-7fb5e8f24000 ---p 00000000 00:00 0 
7fb5e8f24000-7fb5e8f4e000 rw-p 00000000 00:00 0 
7fb5e8f4e000-7fb5e91b4000 ---p 00000000 00:00 0 
7fb5e91b4000-7fb5e91c9000 rw-p 00000000 00:00 0 
7fb5e91c9000-7fb5e92fc000 ---p 00000000 00:00 0 
7fb5e92fc000-7fb5e930c000 rw-p 00000000 00:00 0 
7fb5e930c000-7fb5e96bd000 ---p 00000000 00:00 0 
7fb5e96bd000-7fb5e96d7000 r-xp 00000000 08:07 5638325                    /usr/lib/jvm/java-8-oracle/jre/lib/amd64/libzip.so
7fb5e96d7000-7fb5e98d7000 ---p 0001a000 08:07 5638325                    /usr/lib/jvm/java-8-oracle/jre/lib/amd64/libzip.so
7fb5e98d7000-7fb5e98d8000 rw-p 0001a000 08:07 5638325                    /usr/lib/jvm/java-8-oracle/jre/lib/amd64/libzip.so
7fb5e98d8000-7fb5e98e3000 r-xp 00000000 08:07 2101483                    /lib/x86_64-linux-gnu/libnss_files-2.19.so
7fb5e98e3000-7fb5e9ae2000 ---p 0000b000 08:07 2101483                    /lib/x86_64-linux-gnu/libnss_files-2.19.so
7fb5e9ae2000-7fb5e9ae3000 r--p 0000a000 08:07 2101483                    /lib/x86_64-linux-gnu/libnss_files-2.19.so
7fb5e9ae3000-7fb5e9ae4000 rw-p 0000b000 08:07 2101483                    /lib/x86_64-linux-gnu/libnss_files-2.19.so
7fb5e9ae4000-7fb5e9aef000 r-xp 00000000 08:07 2101493                    /lib/x86_64-linux-gnu/libnss_nis-2.19.so
7fb5e9aef000-7fb5e9cee000 ---p 0000b000 08:07 2101493                    /lib/x86_64-linux-gnu/libnss_nis-2.19.so
7fb5e9cee000-7fb5e9cef000 r--p 0000a000 08:07 2101493                    /lib/x86_64-linux-gnu/libnss_nis-2.19.so
7fb5e9cef000-7fb5e9cf0000 rw-p 0000b000 08:07 2101493                    /lib/x86_64-linux-gnu/libnss_nis-2.19.so
7fb5e9cf0000-7fb5e9d07000 r-xp 00000000 08:07 2101477                    /lib/x86_64-linux-gnu/libnsl-2.19.so
7fb5e9d07000-7fb5e9f06000 ---p 00017000 08:07 2101477                    /lib/x86_64-linux-gnu/libnsl-2.19.so
7fb5e9f06000-7fb5e9f07000 r--p 00016000 08:07 2101477                    /lib/x86_64-linux-gnu/libnsl-2.19.so
7fb5e9f07000-7fb5e9f08000 rw-p 00017000 08:07 2101477                    /lib/x86_64-linux-gnu/libnsl-2.19.so
7fb5e9f08000-7fb5e9f0a000 rw-p 00000000 00:00 0 
7fb5e9f0a000-7fb5e9f13000 r-xp 00000000 08:07 2101479                    /lib/x86_64-linux-gnu/libnss_compat-2.19.so
7fb5e9f13000-7fb5ea112000 ---p 00009000 08:07 2101479                    /lib/x86_64-linux-gnu/libnss_compat-2.19.so
7fb5ea112000-7fb5ea113000 r--p 00008000 08:07 2101479                    /lib/x86_64-linux-gnu/libnss_compat-2.19.so
7fb5ea113000-7fb5ea114000 rw-p 00009000 08:07 2101479                    /lib/x86_64-linux-gnu/libnss_compat-2.19.so
7fb5ea114000-7fb5ea13e000 r-xp 00000000 08:07 5638280                    /usr/lib/jvm/java-8-oracle/jre/lib/amd64/libjava.so
7fb5ea13e000-7fb5ea33e000 ---p 0002a000 08:07 5638280                    /usr/lib/jvm/java-8-oracle/jre/lib/amd64/libjava.so
7fb5ea33e000-7fb5ea340000 rw-p 0002a000 08:07 5638280                    /usr/lib/jvm/java-8-oracle/jre/lib/amd64/libjava.so
7fb5ea340000-7fb5ea34d000 r-xp 00000000 08:07 5638305                    /usr/lib/jvm/java-8-oracle/jre/lib/amd64/libverify.so
7fb5ea34d000-7fb5ea54d000 ---p 0000d000 08:07 5638305                    /usr/lib/jvm/java-8-oracle/jre/lib/amd64/libverify.so
7fb5ea54d000-7fb5ea54f000 rw-p 0000d000 08:07 5638305                    /usr/lib/jvm/java-8-oracle/jre/lib/amd64/libverify.so
7fb5ea54f000-7fb5ea556000 r-xp 00000000 08:07 2101536                    /lib/x86_64-linux-gnu/librt-2.19.so
7fb5ea556000-7fb5ea755000 ---p 00007000 08:07 2101536                    /lib/x86_64-linux-gnu/librt-2.19.so
7fb5ea755000-7fb5ea756000 r--p 00006000 08:07 2101536                    /lib/x86_64-linux-gnu/librt-2.19.so
7fb5ea756000-7fb5ea757000 rw-p 00007000 08:07 2101536                    /lib/x86_64-linux-gnu/librt-2.19.so
7fb5ea757000-7fb5ea85c000 r-xp 00000000 08:07 2101458                    /lib/x86_64-linux-gnu/libm-2.19.so
7fb5ea85c000-7fb5eaa5b000 ---p 00105000 08:07 2101458                    /lib/x86_64-linux-gnu/libm-2.19.so
7fb5eaa5b000-7fb5eaa5c000 r--p 00104000 08:07 2101458                    /lib/x86_64-linux-gnu/libm-2.19.so
7fb5eaa5c000-7fb5eaa5d000 rw-p 00105000 08:07 2101458                    /lib/x86_64-linux-gnu/libm-2.19.so
7fb5eaa5d000-7fb5eb71b000 r-xp 00000000 08:07 5638284                    /usr/lib/jvm/java-8-oracle/jre/lib/amd64/server/libjvm.so
7fb5eb71b000-7fb5eb91a000 ---p 00cbe000 08:07 5638284                    /usr/lib/jvm/java-8-oracle/jre/lib/amd64/server/libjvm.so
7fb5eb91a000-7fb5eb9f3000 rw-p 00cbd000 08:07 5638284                    /usr/lib/jvm/java-8-oracle/jre/lib/amd64/server/libjvm.so
7fb5eb9f3000-7fb5eba37000 rw-p 00000000 00:00 0 
7fb5eba37000-7fb5ebbf2000 r-xp 00000000 08:07 2101408                    /lib/x86_64-linux-gnu/libc-2.19.so
7fb5ebbf2000-7fb5ebdf1000 ---p 001bb000 08:07 2101408                    /lib/x86_64-linux-gnu/libc-2.19.so
7fb5ebdf1000-7fb5ebdf5000 r--p 001ba000 08:07 2101408                    /lib/x86_64-linux-gnu/libc-2.19.so
7fb5ebdf5000-7fb5ebdf7000 rw-p 001be000 08:07 2101408                    /lib/x86_64-linux-gnu/libc-2.19.so
7fb5ebdf7000-7fb5ebdfc000 rw-p 00000000 00:00 0 
7fb5ebdfc000-7fb5ebdff000 r-xp 00000000 08:07 2101425                    /lib/x86_64-linux-gnu/libdl-2.19.so
7fb5ebdff000-7fb5ebffe000 ---p 00003000 08:07 2101425                    /lib/x86_64-linux-gnu/libdl-2.19.so
7fb5ebffe000-7fb5ebfff000 r--p 00002000 08:07 2101425                    /lib/x86_64-linux-gnu/libdl-2.19.so
7fb5ebfff000-7fb5ec000000 rw-p 00003000 08:07 2101425                    /lib/x86_64-linux-gnu/libdl-2.19.so
7fb5ec000000-7fb5ec015000 r-xp 00000000 08:07 5647223                    /usr/lib/jvm/java-8-oracle/lib/amd64/jli/libjli.so
7fb5ec015000-7fb5ec215000 ---p 00015000 08:07 5647223                    /usr/lib/jvm/java-8-oracle/lib/amd64/jli/libjli.so
7fb5ec215000-7fb5ec216000 rw-p 00015000 08:07 5647223                    /usr/lib/jvm/java-8-oracle/lib/amd64/jli/libjli.so
7fb5ec216000-7fb5ec22f000 r-xp 00000000 08:07 2101528                    /lib/x86_64-linux-gnu/libpthread-2.19.so
7fb5ec22f000-7fb5ec42e000 ---p 00019000 08:07 2101528                    /lib/x86_64-linux-gnu/libpthread-2.19.so
7fb5ec42e000-7fb5ec42f000 r--p 00018000 08:07 2101528                    /lib/x86_64-linux-gnu/libpthread-2.19.so
7fb5ec42f000-7fb5ec430000 rw-p 00019000 08:07 2101528                    /lib/x86_64-linux-gnu/libpthread-2.19.so
7fb5ec430000-7fb5ec434000 rw-p 00000000 00:00 0 
7fb5ec434000-7fb5ec457000 r-xp 00000000 08:07 2101384                    /lib/x86_64-linux-gnu/ld-2.19.so
7fb5ec46b000-7fb5ec536000 rw-p 00000000 00:00 0 
7fb5ec536000-7fb5ec539000 ---p 00000000 00:00 0 
7fb5ec539000-7fb5ec63b000 rw-p 00000000 00:00 0                          [stack:983]
7fb5ec64a000-7fb5ec652000 rw-s 00000000 08:07 809189                     /tmp/hsperfdata_jacob/978
7fb5ec652000-7fb5ec653000 rw-p 00000000 00:00 0 
7fb5ec653000-7fb5ec654000 r--p 00000000 00:00 0 
7fb5ec654000-7fb5ec656000 rw-p 00000000 00:00 0 
7fb5ec656000-7fb5ec657000 r--p 00022000 08:07 2101384                    /lib/x86_64-linux-gnu/ld-2.19.so
7fb5ec657000-7fb5ec658000 rw-p 00023000 08:07 2101384                    /lib/x86_64-linux-gnu/ld-2.19.so
7fb5ec658000-7fb5ec659000 rw-p 00000000 00:00 0 
7ffc97398000-7ffc973b9000 rw-p 00000000 00:00 0                          [stack]
7ffc973ba000-7ffc973bc000 r--p 00000000 00:00 0                          [vvar]
7ffc973bc000-7ffc973be000 r-xp 00000000 00:00 0                          [vdso]
ffffffffff600000-ffffffffff601000 r-xp 00000000 00:00 0                  [vsyscall]

VM Arguments:
jvm_args: -Dfile.encoding=UTF-8 
java_command: twittersemproject.TwitterFrame
java_class_path (initial): /home/jacob/repos/twitter-repository/TwitterSemesterProject/bin:/home/jacob/.p2/pool/plugins/org.junit_4.12.0.v201504281640/junit.jar:/home/jacob/.p2/pool/plugins/org.hamcrest.core_1.3.0.v201303031735.jar
Launcher Type: SUN_STANDARD

Environment Variables:
PATH=/usr/local/sbin:/usr/local/bin:/usr/sbin:/usr/bin:/sbin:/bin:/usr/games:/usr/local/games
SHELL=/bin/bash
DISPLAY=:0

Signal Handlers:
SIGSEGV: [libjvm.so+0xaba2a0], sa_mask[0]=11111111011111111101111111111110, sa_flags=SA_RESTART|SA_SIGINFO
SIGBUS: [libjvm.so+0xaba2a0], sa_mask[0]=11111111011111111101111111111110, sa_flags=SA_RESTART|SA_SIGINFO
SIGFPE: [libjvm.so+0x917710], sa_mask[0]=11111111011111111101111111111110, sa_flags=SA_RESTART|SA_SIGINFO
SIGPIPE: [libjvm.so+0x917710], sa_mask[0]=11111111011111111101111111111110, sa_flags=SA_RESTART|SA_SIGINFO
SIGXFSZ: [libjvm.so+0x917710], sa_mask[0]=11111111011111111101111111111110, sa_flags=SA_RESTART|SA_SIGINFO
SIGILL: [libjvm.so+0x917710], sa_mask[0]=11111111011111111101111111111110, sa_flags=SA_RESTART|SA_SIGINFO
SIGUSR1: SIG_DFL, sa_mask[0]=00000000000000000000000000000000, sa_flags=none
SIGUSR2: [libjvm.so+0x918d40], sa_mask[0]=00100000000000000000000000000000, sa_flags=SA_RESTART|SA_SIGINFO
SIGHUP: [libjvm.so+0x91a140], sa_mask[0]=11111111011111111101111111111110, sa_flags=SA_RESTART|SA_SIGINFO
SIGINT: [libjvm.so+0x91a140], sa_mask[0]=11111111011111111101111111111110, sa_flags=SA_RESTART|SA_SIGINFO
SIGTERM: [libjvm.so+0x91a140], sa_mask[0]=11111111011111111101111111111110, sa_flags=SA_RESTART|SA_SIGINFO
SIGQUIT: [libjvm.so+0x91a140], sa_mask[0]=11111111011111111101111111111110, sa_flags=SA_RESTART|SA_SIGINFO


---------------  S Y S T E M  ---------------

OS:DISTRIB_ID=Ubuntu
DISTRIB_RELEASE=14.04
DISTRIB_CODENAME=trusty
DISTRIB_DESCRIPTION="Ubuntu 14.04.3 LTS"

uname:Linux 3.19.0-39-generic #44~14.04.1-Ubuntu SMP Wed Dec 2 10:00:35 UTC 2015 x86_64
libc:glibc 2.19 NPTL 2.19 
rlimit: STACK 8192k, CORE 0k, NPROC 31212, NOFILE 4096, AS infinity
load average:3.13 0.83 0.43

/proc/meminfo:
MemTotal:        8057008 kB
MemFree:         2452396 kB
MemAvailable:    6064568 kB
Buffers:          274708 kB
Cached:          3740300 kB
SwapCached:            0 kB
Active:          3981140 kB
Inactive:        1316104 kB
Active(anon):    1288952 kB
Inactive(anon):   333464 kB
Active(file):    2692188 kB
Inactive(file):   982640 kB
Unevictable:          60 kB
Mlocked:              48 kB
SwapTotal:             0 kB
SwapFree:              0 kB
Dirty:             11604 kB
Writeback:             0 kB
AnonPages:       1281892 kB
Mapped:           222668 kB
Shmem:            340676 kB
Slab:             243976 kB
SReclaimable:     190736 kB
SUnreclaim:        53240 kB
KernelStack:        6688 kB
PageTables:        13172 kB
NFS_Unstable:          0 kB
Bounce:                0 kB
WritebackTmp:          0 kB
CommitLimit:     4028504 kB
Committed_AS:    2745576 kB
VmallocTotal:   34359738367 kB
VmallocUsed:      356196 kB
VmallocChunk:   34359284956 kB
HardwareCorrupted:     0 kB
AnonHugePages:   1312768 kB
CmaTotal:              0 kB
CmaFree:               0 kB
HugePages_Total:       0
HugePages_Free:        0
HugePages_Rsvd:        0
HugePages_Surp:        0
Hugepagesize:       2048 kB
DirectMap4k:      210764 kB
DirectMap2M:     8058880 kB
DirectMap1G:           0 kB


CPU:total 4 (2 cores per cpu, 2 threads per core) family 6 model 69 stepping 1, cmov, cx8, fxsr, mmx, sse, sse2, sse3, ssse3, sse4.1, sse4.2, popcnt, avx, avx2, aes, clmul, erms, lzcnt, ht, tsc, tscinvbit, bmi1, bmi2

/proc/cpuinfo:
processor	: 0
vendor_id	: GenuineIntel
cpu family	: 6
model		: 69
model name	: Intel(R) Core(TM) i7-4500U CPU @ 1.80GHz
stepping	: 1
microcode	: 0x17
cpu MHz		: 2695.218
cache size	: 4096 KB
physical id	: 0
siblings	: 4
core id		: 0
cpu cores	: 2
apicid		: 0
initial apicid	: 0
fpu		: yes
fpu_exception	: yes
cpuid level	: 13
wp		: yes
flags		: fpu vme de pse tsc msr pae mce cx8 apic sep mtrr pge mca cmov pat pse36 clflush dts acpi mmx fxsr sse sse2 ss ht tm pbe syscall nx pdpe1gb rdtscp lm constant_tsc arch_perfmon pebs bts rep_good nopl xtopology nonstop_tsc aperfmperf eagerfpu pni pclmulqdq dtes64 monitor ds_cpl vmx est tm2 ssse3 fma cx16 xtpr pdcm pcid sse4_1 sse4_2 movbe popcnt tsc_deadline_timer aes xsave avx f16c rdrand lahf_lm abm ida arat epb pln pts dtherm tpr_shadow vnmi flexpriority ept vpid fsgsbase tsc_adjust bmi1 avx2 smep bmi2 erms invpcid xsaveopt
bugs		:
bogomips	: 4788.83
clflush size	: 64
cache_alignment	: 64
address sizes	: 39 bits physical, 48 bits virtual
power management:

processor	: 1
vendor_id	: GenuineIntel
cpu family	: 6
model		: 69
model name	: Intel(R) Core(TM) i7-4500U CPU @ 1.80GHz
stepping	: 1
microcode	: 0x17
cpu MHz		: 2695.218
cache size	: 4096 KB
physical id	: 0
siblings	: 4
core id		: 1
cpu cores	: 2
apicid		: 2
initial apicid	: 2
fpu		: yes
fpu_exception	: yes
cpuid level	: 13
wp		: yes
flags		: fpu vme de pse tsc msr pae mce cx8 apic sep mtrr pge mca cmov pat pse36 clflush dts acpi mmx fxsr sse sse2 ss ht tm pbe syscall nx pdpe1gb rdtscp lm constant_tsc arch_perfmon pebs bts rep_good nopl xtopology nonstop_tsc aperfmperf eagerfpu pni pclmulqdq dtes64 monitor ds_cpl vmx est tm2 ssse3 fma cx16 xtpr pdcm pcid sse4_1 sse4_2 movbe popcnt tsc_deadline_timer aes xsave avx f16c rdrand lahf_lm abm ida arat epb pln pts dtherm tpr_shadow vnmi flexpriority ept vpid fsgsbase tsc_adjust bmi1 avx2 smep bmi2 erms invpcid xsaveopt
bugs		:
bogomips	: 4788.83
clflush size	: 64
cache_alignment	: 64
address sizes	: 39 bits physical, 48 bits virtual
power management:

processor	: 2
vendor_id	: GenuineIntel
cpu family	: 6
model		: 69
model name	: Intel(R) Core(TM) i7-4500U CPU @ 1.80GHz
stepping	: 1
microcode	: 0x17
cpu MHz		: 2695.218
cache size	: 4096 KB
physical id	: 0
siblings	: 4
core id		: 0
cpu cores	: 2
apicid		: 1
initial apicid	: 1
fpu		: yes
fpu_exception	: yes
cpuid level	: 13
wp		: yes
flags		: fpu vme de pse tsc msr pae mce cx8 apic sep mtrr pge mca cmov pat pse36 clflush dts acpi mmx fxsr sse sse2 ss ht tm pbe syscall nx pdpe1gb rdtscp lm constant_tsc arch_perfmon pebs bts rep_good nopl xtopology nonstop_tsc aperfmperf eagerfpu pni pclmulqdq dtes64 monitor ds_cpl vmx est tm2 ssse3 fma cx16 xtpr pdcm pcid sse4_1 sse4_2 movbe popcnt tsc_deadline_timer aes xsave avx f16c rdrand lahf_lm abm ida arat epb pln pts dtherm tpr_shadow vnmi flexpriority ept vpid fsgsbase tsc_adjust bmi1 avx2 smep bmi2 erms invpcid xsaveopt
bugs		:
bogomips	: 4788.83
clflush size	: 64
cache_alignment	: 64
address sizes	: 39 bits physical, 48 bits virtual
power management:

processor	: 3
vendor_id	: GenuineIntel
cpu family	: 6
model		: 69
model name	: Intel(R) Core(TM) i7-4500U CPU @ 1.80GHz
stepping	: 1
microcode	: 0x17
cpu MHz		: 2695.218
cache size	: 4096 KB
physical id	: 0
siblings	: 4
core id		: 1
cpu cores	: 2
apicid		: 3
initial apicid	: 3
fpu		: yes
fpu_exception	: yes
cpuid level	: 13
wp		: yes
flags		: fpu vme de pse tsc msr pae mce cx8 apic sep mtrr pge mca cmov pat pse36 clflush dts acpi mmx fxsr sse sse2 ss ht tm pbe syscall nx pdpe1gb rdtscp lm constant_tsc arch_perfmon pebs bts rep_good nopl xtopology nonstop_tsc aperfmperf eagerfpu pni pclmulqdq dtes64 monitor ds_cpl vmx est tm2 ssse3 fma cx16 xtpr pdcm pcid sse4_1 sse4_2 movbe popcnt tsc_deadline_timer aes xsave avx f16c rdrand lahf_lm abm ida arat epb pln pts dtherm tpr_shadow vnmi flexpriority ept vpid fsgsbase tsc_adjust bmi1 avx2 smep bmi2 erms invpcid xsaveopt
bugs		:
bogomips	: 4788.83
clflush size	: 64
cache_alignment	: 64
address sizes	: 39 bits physical, 48 bits virtual
power management:



Memory: 4k page, physical 8057008k(2452396k free), swap 0k(0k free)

vm_info: Java HotSpot(TM) 64-Bit Server VM (25.66-b17) for linux-amd64 JRE (1.8.0_66-b17), built on Oct  6 2015 17:28:34 by "java_re" with gcc 4.3.0 20080428 (Red Hat 4.3.0-8)

time: Mon Dec  7 10:13:27 2015
elapsed time: 87 seconds (0d 0h 1m 27s)

